#
# There is insufficient memory for the Java Runtime Environment to continue.
# Native memory allocation (malloc) failed to allocate 1806096 bytes for Chunk::new
# Possible reasons:
#   The system is out of physical RAM or swap space
#   The process is running with CompressedOops enabled, and the Java Heap may be blocking the growth of the native heap
# Possible solutions:
#   Reduce memory load on the system
#   Increase physical memory or swap space
#   Check if swap backing store is full
#   Decrease Java heap size (-Xmx/-Xms)
#   Decrease number of Java threads
#   Decrease Java thread stack sizes (-Xss)
#   Set larger code cache with -XX:ReservedCodeCacheSize=
#   JVM is running with Zero Based Compressed Oops mode in which the Java heap is
#     placed in the first 32GB address space. The Java Heap base address is the
#     maximum limit for the native heap growth. Please use -XX:HeapBaseMinAddress
#     to set the Java Heap base and to place the Java Heap above 32GB virtual address.
# This output file may be truncated or incomplete.
#
#  Out of Memory Error (./open/src/hotspot/share/memory/arena.cpp:197), pid=11260, tid=28456
#
# JRE version: Java(TM) SE Runtime Environment 18.9 (11.0.20+9) (build 11.0.20+9-LTS-256)
# Java VM: Java HotSpot(TM) 64-Bit Server VM 18.9 (11.0.20+9-LTS-256, mixed mode, tiered, compressed oops, g1 gc, windows-amd64)
# No core dump will be written. Minidumps are not enabled by default on client versions of Windows
#

---------------  S U M M A R Y ------------

Command Line: -Dclassworlds.conf=C:\ProgramData\chocolatey\lib\maven\apache-maven-3.9.5\bin\m2.conf -Dmaven.home=C:\ProgramData\chocolatey\lib\maven\apache-maven-3.9.5 -Dlibrary.jansi.path=C:\ProgramData\chocolatey\lib\maven\apache-maven-3.9.5\lib\jansi-native -Dmaven.multiModuleProjectDirectory=D:\Personal Projects\Java\store-microservice\cloudgateway org.codehaus.plexus.classworlds.launcher.Launcher clean install

Host: AMD Ryzen 7 5700U with Radeon Graphics         , 16 cores, 15G,  Windows 11 , 64 bit Build 22621 (10.0.22621.2428)
Time: Wed Oct 18 23:40:25 2023 Eastern Daylight Time elapsed time: 11.479827 seconds (0d 0h 0m 11s)

---------------  T H R E A D  ---------------

Current thread (0x0000015907df6800):  JavaThread "C2 CompilerThread1" daemon [_thread_in_native, id=28456, stack(0x00000040fbb00000,0x00000040fbc00000)]


Current CompileTask:
C2:  11479 8211   !   4       org.apache.maven.model.Model::clone (502 bytes)

Stack: [0x00000040fbb00000,0x00000040fbc00000]
Native frames: (J=compiled Java code, j=interpreted, Vv=VM code, C=native code)
V  [jvm.dll+0x6602ba]
V  [jvm.dll+0x7a32af]
V  [jvm.dll+0x7a4979]
V  [jvm.dll+0x7a5013]
V  [jvm.dll+0x258ef5]
V  [jvm.dll+0xb2a0c]
V  [jvm.dll+0xb2fcc]
V  [jvm.dll+0x367691]
V  [jvm.dll+0x1a2b74]
V  [jvm.dll+0x211d4d]
V  [jvm.dll+0x210bc8]
V  [jvm.dll+0x18cdb1]
V  [jvm.dll+0x220e59]
V  [jvm.dll+0x21f17c]
V  [jvm.dll+0x767061]
V  [jvm.dll+0x75f8e4]
V  [jvm.dll+0x65f165]
C  [ucrtbase.dll+0x29363]
C  [KERNEL32.DLL+0x1257d]
C  [ntdll.dll+0x5aa78]


---------------  P R O C E S S  ---------------

Threads class SMR info:
_java_thread_list=0x000001590a378c30, length=25, elements={
0x000001596147a000, 0x00000159068e2800, 0x00000159068e4000, 0x00000159071e8800,
0x00000159071eb000, 0x00000159071ec000, 0x00000159071ef000, 0x00000159071f2800,
0x00000159071f5800, 0x0000015907368800, 0x00000159073c7000, 0x0000015907d5d800,
0x0000015907d5e000, 0x0000015907df6800, 0x0000015909aea000, 0x000001590d1bd000,
0x0000015909f2d000, 0x000001590c99f800, 0x000001590c9a0800, 0x000001590e3ce800,
0x000001590a383800, 0x000001590cae6000, 0x0000015907d71000, 0x000001590a02c000,
0x000001590a027000
}

Java Threads: ( => current thread )
  0x000001596147a000 JavaThread "main" [_thread_in_native, id=36548, stack(0x00000040fa700000,0x00000040fa800000)]
  0x00000159068e2800 JavaThread "Reference Handler" daemon [_thread_blocked, id=30916, stack(0x00000040fae00000,0x00000040faf00000)]
  0x00000159068e4000 JavaThread "Finalizer" daemon [_thread_blocked, id=29568, stack(0x00000040faf00000,0x00000040fb000000)]
  0x00000159071e8800 JavaThread "Signal Dispatcher" daemon [_thread_blocked, id=32760, stack(0x00000040fb000000,0x00000040fb100000)]
  0x00000159071eb000 JavaThread "Attach Listener" daemon [_thread_blocked, id=10580, stack(0x00000040fb100000,0x00000040fb200000)]
  0x00000159071ec000 JavaThread "Service Thread" daemon [_thread_blocked, id=30204, stack(0x00000040fb200000,0x00000040fb300000)]
  0x00000159071ef000 JavaThread "C2 CompilerThread0" daemon [_thread_blocked, id=30520, stack(0x00000040fb300000,0x00000040fb400000)]
  0x00000159071f2800 JavaThread "C1 CompilerThread0" daemon [_thread_blocked, id=17220, stack(0x00000040fb400000,0x00000040fb500000)]
  0x00000159071f5800 JavaThread "Sweeper thread" daemon [_thread_blocked, id=31540, stack(0x00000040fb500000,0x00000040fb600000)]
  0x0000015907368800 JavaThread "C1 CompilerThread1" daemon [_thread_blocked, id=17596, stack(0x00000040fb600000,0x00000040fb700000)]
  0x00000159073c7000 JavaThread "Common-Cleaner" daemon [_thread_blocked, id=13692, stack(0x00000040fb800000,0x00000040fb900000)]
  0x0000015907d5d800 JavaThread "C1 CompilerThread2" daemon [_thread_blocked, id=27496, stack(0x00000040fb900000,0x00000040fba00000)]
  0x0000015907d5e000 JavaThread "C1 CompilerThread3" daemon [_thread_blocked, id=32964, stack(0x00000040fba00000,0x00000040fbb00000)]
=>0x0000015907df6800 JavaThread "C2 CompilerThread1" daemon [_thread_in_native, id=28456, stack(0x00000040fbb00000,0x00000040fbc00000)]
  0x0000015909aea000 JavaThread "resolver-1" daemon [_thread_blocked, id=25524, stack(0x00000040fc800000,0x00000040fc900000)]
  0x000001590d1bd000 JavaThread "resolver-2" daemon [_thread_blocked, id=2332, stack(0x00000040fc900000,0x00000040fca00000)]
  0x0000015909f2d000 JavaThread "resolver-3" daemon [_thread_blocked, id=25428, stack(0x00000040fca00000,0x00000040fcb00000)]
  0x000001590c99f800 JavaThread "resolver-4" daemon [_thread_blocked, id=28448, stack(0x00000040fcb00000,0x00000040fcc00000)]
  0x000001590c9a0800 JavaThread "resolver-5" daemon [_thread_blocked, id=31900, stack(0x00000040fcc00000,0x00000040fcd00000)]
  0x000001590e3ce800 JavaThread "timeout-check-timer" daemon [_thread_blocked, id=34520, stack(0x00000040fcd00000,0x00000040fce00000)]
  0x000001590a383800 JavaThread "ping-timer-10s" daemon [_thread_blocked, id=9780, stack(0x00000040fce00000,0x00000040fcf00000)]
  0x000001590cae6000 JavaThread "ThreadedStreamConsumer" daemon [_thread_blocked, id=33140, stack(0x00000040fcf00000,0x00000040fd000000)]
  0x0000015907d71000 JavaThread "Thread-2" [_thread_blocked, id=20268, stack(0x00000040fd000000,0x00000040fd100000)]
  0x000001590a02c000 JavaThread "Thread-3" [_thread_in_native, id=13556, stack(0x00000040fd100000,0x00000040fd200000)]
  0x000001590a027000 JavaThread "Thread-4" [_thread_in_native, id=26148, stack(0x00000040fd200000,0x00000040fd300000)]

Other Threads:
  0x00000159068e0000 VMThread "VM Thread" [stack: 0x00000040fad00000,0x00000040fae00000] [id=28312]
  0x00000159073c6800 WatcherThread [stack: 0x00000040fb700000,0x00000040fb800000] [id=28372]
  0x00000159635d2000 GCTaskThread "GC Thread#0" [stack: 0x00000040fa800000,0x00000040fa900000] [id=25572]
  0x0000015907fc0800 GCTaskThread "GC Thread#1" [stack: 0x00000040fbc00000,0x00000040fbd00000] [id=35272]
  0x0000015907d5f000 GCTaskThread "GC Thread#2" [stack: 0x00000040fbd00000,0x00000040fbe00000] [id=2248]
  0x00000159080fe800 GCTaskThread "GC Thread#3" [stack: 0x00000040fbe00000,0x00000040fbf00000] [id=31500]
  0x00000159080fb000 GCTaskThread "GC Thread#4" [stack: 0x00000040fbf00000,0x00000040fc000000] [id=32004]
  0x0000015908100000 GCTaskThread "GC Thread#5" [stack: 0x00000040fc600000,0x00000040fc700000] [id=30824]
  0x00000159080ff000 GCTaskThread "GC Thread#6" [stack: 0x00000040fc700000,0x00000040fc800000] [id=33920]
  0x000001596362c000 ConcurrentGCThread "G1 Main Marker" [stack: 0x00000040fa900000,0x00000040faa00000] [id=26104]
  0x000001596362d800 ConcurrentGCThread "G1 Conc#0" [stack: 0x00000040faa00000,0x00000040fab00000] [id=12908]
  0x00000159080fe000 ConcurrentGCThread "G1 Conc#1" [stack: 0x00000040fc000000,0x00000040fc100000] [id=32204]
  0x00000159080fb800 ConcurrentGCThread "G1 Conc#2" [stack: 0x00000040fc100000,0x00000040fc200000] [id=22172]
  0x00000159067c9000 ConcurrentGCThread "G1 Refine#0" [stack: 0x00000040fab00000,0x00000040fac00000] [id=35876]
  0x0000015909de5000 ConcurrentGCThread "G1 Refine#1" [stack: 0x00000040fc200000,0x00000040fc300000] [id=22608]
  0x000001590a792800 ConcurrentGCThread "G1 Refine#2" [stack: 0x00000040fc300000,0x00000040fc400000] [id=21000]
  0x000001590a62e000 ConcurrentGCThread "G1 Refine#3" [stack: 0x00000040fc400000,0x00000040fc500000] [id=3348]
  0x000001590b47e800 ConcurrentGCThread "G1 Refine#4" [stack: 0x00000040fc500000,0x00000040fc600000] [id=12192]
  0x00000159067ca000 ConcurrentGCThread "G1 Young RemSet Sampling" [stack: 0x00000040fac00000,0x00000040fad00000] [id=7976]

Threads with active compile tasks:
C2 CompilerThread1    11518 8211   !   4       org.apache.maven.model.Model::clone (502 bytes)

VM state:not at safepoint (normal execution)

VM Mutex/Monitor currently owned by a thread: None

Heap address: 0x000000070a800000, size: 3928 MB, Compressed Oops mode: Zero based, Oop shift amount: 3
Narrow klass base: 0x0000000800000000, Narrow klass shift: 0
Compressed class space size: 1073741824 Address: 0x0000000800000000

Heap:
 garbage-first heap   total 303104K, used 95361K [0x000000070a800000, 0x0000000800000000)
  region size 1024K, 35 young (35840K), 1 survivors (1024K)
 Metaspace       used 42513K, capacity 43637K, committed 43772K, reserved 1087488K
  class space    used 4512K, capacity 4925K, committed 4992K, reserved 1048576K
Heap Regions: E=young(eden), S=young(survivor), O=old, HS=humongous(starts), HC=humongous(continues), CS=collection set, F=free, A=archive, TAMS=top-at-mark-start (previous, next)
|   0|0x000000070a800000, 0x000000070a900000, 0x000000070a900000|100%| O|  |TAMS 0x000000070a900000, 0x000000070a800000| Untracked 
|   1|0x000000070a900000, 0x000000070aa00000, 0x000000070aa00000|100%| O|  |TAMS 0x000000070aa00000, 0x000000070a900000| Untracked 
|   2|0x000000070aa00000, 0x000000070ab00000, 0x000000070ab00000|100%| O|  |TAMS 0x000000070ab00000, 0x000000070aa00000| Untracked 
|   3|0x000000070ab00000, 0x000000070ac00000, 0x000000070ac00000|100%| O|  |TAMS 0x000000070ac00000, 0x000000070ab00000| Untracked 
|   4|0x000000070ac00000, 0x000000070ad00000, 0x000000070ad00000|100%| O|  |TAMS 0x000000070ad00000, 0x000000070ac00000| Untracked 
|   5|0x000000070ad00000, 0x000000070ae00000, 0x000000070ae00000|100%| O|  |TAMS 0x000000070ae00000, 0x000000070ad00000| Untracked 
|   6|0x000000070ae00000, 0x000000070af00000, 0x000000070af00000|100%| O|  |TAMS 0x000000070af00000, 0x000000070ae00000| Untracked 
|   7|0x000000070af00000, 0x000000070b000000, 0x000000070b000000|100%| O|  |TAMS 0x000000070b000000, 0x000000070af00000| Untracked 
|   8|0x000000070b000000, 0x000000070b100000, 0x000000070b100000|100%| O|  |TAMS 0x000000070b100000, 0x000000070b000000| Untracked 
|   9|0x000000070b100000, 0x000000070b200000, 0x000000070b200000|100%| O|  |TAMS 0x000000070b200000, 0x000000070b100000| Untracked 
|  10|0x000000070b200000, 0x000000070b300000, 0x000000070b300000|100%| O|  |TAMS 0x000000070b300000, 0x000000070b200000| Untracked 
|  11|0x000000070b300000, 0x000000070b400000, 0x000000070b400000|100%| O|  |TAMS 0x000000070b400000, 0x000000070b300000| Untracked 
|  12|0x000000070b400000, 0x000000070b500000, 0x000000070b500000|100%| O|  |TAMS 0x000000070b500000, 0x000000070b400000| Untracked 
|  13|0x000000070b500000, 0x000000070b600000, 0x000000070b600000|100%| O|  |TAMS 0x000000070b600000, 0x000000070b500000| Untracked 
|  14|0x000000070b600000, 0x000000070b700000, 0x000000070b700000|100%| O|  |TAMS 0x000000070b700000, 0x000000070b600000| Untracked 
|  15|0x000000070b700000, 0x000000070b800000, 0x000000070b800000|100%| O|  |TAMS 0x000000070b800000, 0x000000070b700000| Untracked 
|  16|0x000000070b800000, 0x000000070b900000, 0x000000070b900000|100%| O|  |TAMS 0x000000070b900000, 0x000000070b800000| Untracked 
|  17|0x000000070b900000, 0x000000070ba00000, 0x000000070ba00000|100%| O|  |TAMS 0x000000070ba00000, 0x000000070b900000| Untracked 
|  18|0x000000070ba00000, 0x000000070bb00000, 0x000000070bb00000|100%| O|  |TAMS 0x000000070bb00000, 0x000000070ba00000| Untracked 
|  19|0x000000070bb00000, 0x000000070bc00000, 0x000000070bc00000|100%| O|  |TAMS 0x000000070bc00000, 0x000000070bb00000| Untracked 
|  20|0x000000070bc00000, 0x000000070bd00000, 0x000000070bd00000|100%| O|  |TAMS 0x000000070bd00000, 0x000000070bc00000| Untracked 
|  21|0x000000070bd00000, 0x000000070be00000, 0x000000070be00000|100%| O|  |TAMS 0x000000070be00000, 0x000000070bd00000| Untracked 
|  22|0x000000070be00000, 0x000000070bf00000, 0x000000070bf00000|100%| O|  |TAMS 0x000000070bf00000, 0x000000070be00000| Untracked 
|  23|0x000000070bf00000, 0x000000070c000000, 0x000000070c000000|100%| O|  |TAMS 0x000000070c000000, 0x000000070bf00000| Untracked 
|  24|0x000000070c000000, 0x000000070c100000, 0x000000070c100000|100%| O|  |TAMS 0x000000070c100000, 0x000000070c000000| Untracked 
|  25|0x000000070c100000, 0x000000070c200000, 0x000000070c200000|100%| O|  |TAMS 0x000000070c200000, 0x000000070c100000| Untracked 
|  26|0x000000070c200000, 0x000000070c300000, 0x000000070c300000|100%| O|  |TAMS 0x000000070c300000, 0x000000070c200000| Untracked 
|  27|0x000000070c300000, 0x000000070c400000, 0x000000070c400000|100%|HS|  |TAMS 0x000000070c400000, 0x000000070c300000| Complete 
|  28|0x000000070c400000, 0x000000070c500000, 0x000000070c500000|100%| O|  |TAMS 0x000000070c500000, 0x000000070c400000| Untracked 
|  29|0x000000070c500000, 0x000000070c600000, 0x000000070c600000|100%| O|  |TAMS 0x000000070c600000, 0x000000070c500000| Untracked 
|  30|0x000000070c600000, 0x000000070c700000, 0x000000070c700000|100%| O|  |TAMS 0x000000070c700000, 0x000000070c600000| Untracked 
|  31|0x000000070c700000, 0x000000070c800000, 0x000000070c800000|100%| O|  |TAMS 0x000000070c800000, 0x000000070c700000| Untracked 
|  32|0x000000070c800000, 0x000000070c900000, 0x000000070c900000|100%| O|  |TAMS 0x000000070c900000, 0x000000070c800000| Untracked 
|  33|0x000000070c900000, 0x000000070ca00000, 0x000000070ca00000|100%| O|  |TAMS 0x000000070ca00000, 0x000000070c900000| Untracked 
|  34|0x000000070ca00000, 0x000000070cb00000, 0x000000070cb00000|100%| O|  |TAMS 0x000000070cb00000, 0x000000070ca00000| Untracked 
|  35|0x000000070cb00000, 0x000000070cc00000, 0x000000070cc00000|100%| O|  |TAMS 0x000000070cc00000, 0x000000070cb00000| Untracked 
|  36|0x000000070cc00000, 0x000000070cd00000, 0x000000070cd00000|100%| O|  |TAMS 0x000000070cd00000, 0x000000070cc00000| Untracked 
|  37|0x000000070cd00000, 0x000000070ce00000, 0x000000070ce00000|100%| O|  |TAMS 0x000000070ce00000, 0x000000070cd00000| Untracked 
|  38|0x000000070ce00000, 0x000000070cf00000, 0x000000070cf00000|100%| O|  |TAMS 0x000000070cf00000, 0x000000070ce00000| Untracked 
|  39|0x000000070cf00000, 0x000000070d000000, 0x000000070d000000|100%| O|  |TAMS 0x000000070d000000, 0x000000070cf00000| Untracked 
|  40|0x000000070d000000, 0x000000070d100000, 0x000000070d100000|100%| O|  |TAMS 0x000000070d100000, 0x000000070d000000| Untracked 
|  41|0x000000070d100000, 0x000000070d200000, 0x000000070d200000|100%| O|  |TAMS 0x000000070d200000, 0x000000070d100000| Untracked 
|  42|0x000000070d200000, 0x000000070d300000, 0x000000070d300000|100%| O|  |TAMS 0x000000070d300000, 0x000000070d200000| Untracked 
|  43|0x000000070d300000, 0x000000070d400000, 0x000000070d400000|100%| O|  |TAMS 0x000000070d400000, 0x000000070d300000| Untracked 
|  44|0x000000070d400000, 0x000000070d400000, 0x000000070d500000|  0%| F|  |TAMS 0x000000070d400000, 0x000000070d400000| Untracked 
|  45|0x000000070d500000, 0x000000070d600000, 0x000000070d600000|100%| O|  |TAMS 0x000000070d600000, 0x000000070d500000| Untracked 
|  46|0x000000070d600000, 0x000000070d700000, 0x000000070d700000|100%| O|  |TAMS 0x000000070d700000, 0x000000070d600000| Untracked 
|  47|0x000000070d700000, 0x000000070d800000, 0x000000070d800000|100%| O|  |TAMS 0x000000070d800000, 0x000000070d700000| Untracked 
|  48|0x000000070d800000, 0x000000070d900000, 0x000000070d900000|100%| O|  |TAMS 0x000000070d900000, 0x000000070d800000| Untracked 
|  49|0x000000070d900000, 0x000000070da00000, 0x000000070da00000|100%| O|  |TAMS 0x000000070da00000, 0x000000070d900000| Untracked 
|  50|0x000000070da00000, 0x000000070db00000, 0x000000070db00000|100%| O|  |TAMS 0x000000070db00000, 0x000000070da00000| Untracked 
|  51|0x000000070db00000, 0x000000070dc00000, 0x000000070dc00000|100%| O|  |TAMS 0x000000070dc00000, 0x000000070db00000| Untracked 
|  52|0x000000070dc00000, 0x000000070dd00000, 0x000000070dd00000|100%| O|  |TAMS 0x000000070dd00000, 0x000000070dc00000| Untracked 
|  53|0x000000070dd00000, 0x000000070de00000, 0x000000070de00000|100%| O|  |TAMS 0x000000070dd55600, 0x000000070dd00000| Untracked 
|  54|0x000000070de00000, 0x000000070df00000, 0x000000070df00000|100%| O|  |TAMS 0x000000070de00000, 0x000000070de00000| Untracked 
|  55|0x000000070df00000, 0x000000070e000000, 0x000000070e000000|100%| O|  |TAMS 0x000000070df00000, 0x000000070df00000| Untracked 
|  56|0x000000070e000000, 0x000000070e100000, 0x000000070e100000|100%| O|  |TAMS 0x000000070e000000, 0x000000070e000000| Untracked 
|  57|0x000000070e100000, 0x000000070e200000, 0x000000070e200000|100%| O|  |TAMS 0x000000070e100000, 0x000000070e100000| Untracked 
|  58|0x000000070e200000, 0x000000070e300000, 0x000000070e300000|100%| O|  |TAMS 0x000000070e200000, 0x000000070e200000| Untracked 
|  59|0x000000070e300000, 0x000000070e400000, 0x000000070e400000|100%| O|  |TAMS 0x000000070e300000, 0x000000070e300000| Untracked 
|  60|0x000000070e400000, 0x000000070e43fa00, 0x000000070e500000| 24%| O|  |TAMS 0x000000070e400000, 0x000000070e400000| Untracked 
|  61|0x000000070e500000, 0x000000070e500000, 0x000000070e600000|  0%| F|  |TAMS 0x000000070e500000, 0x000000070e500000| Untracked 
|  62|0x000000070e600000, 0x000000070e600000, 0x000000070e700000|  0%| F|  |TAMS 0x000000070e600000, 0x000000070e600000| Untracked 
|  63|0x000000070e700000, 0x000000070e700000, 0x000000070e800000|  0%| F|  |TAMS 0x000000070e700000, 0x000000070e700000| Untracked 
|  64|0x000000070e800000, 0x000000070e800000, 0x000000070e900000|  0%| F|  |TAMS 0x000000070e800000, 0x000000070e800000| Untracked 
|  65|0x000000070e900000, 0x000000070e900000, 0x000000070ea00000|  0%| F|  |TAMS 0x000000070e900000, 0x000000070e900000| Untracked 
|  66|0x000000070ea00000, 0x000000070ea00000, 0x000000070eb00000|  0%| F|  |TAMS 0x000000070ea00000, 0x000000070ea00000| Untracked 
|  67|0x000000070eb00000, 0x000000070eb00000, 0x000000070ec00000|  0%| F|  |TAMS 0x000000070eb00000, 0x000000070eb00000| Untracked 
|  68|0x000000070ec00000, 0x000000070ec00000, 0x000000070ed00000|  0%| F|  |TAMS 0x000000070ec00000, 0x000000070ec00000| Untracked 
|  69|0x000000070ed00000, 0x000000070ed00000, 0x000000070ee00000|  0%| F|  |TAMS 0x000000070ed00000, 0x000000070ed00000| Untracked 
|  70|0x000000070ee00000, 0x000000070ee00000, 0x000000070ef00000|  0%| F|  |TAMS 0x000000070ee00000, 0x000000070ee00000| Untracked 
|  71|0x000000070ef00000, 0x000000070ef00000, 0x000000070f000000|  0%| F|  |TAMS 0x000000070ef00000, 0x000000070ef00000| Untracked 
|  72|0x000000070f000000, 0x000000070f000000, 0x000000070f100000|  0%| F|  |TAMS 0x000000070f000000, 0x000000070f000000| Untracked 
|  73|0x000000070f100000, 0x000000070f100000, 0x000000070f200000|  0%| F|  |TAMS 0x000000070f100000, 0x000000070f100000| Untracked 
|  74|0x000000070f200000, 0x000000070f200000, 0x000000070f300000|  0%| F|  |TAMS 0x000000070f200000, 0x000000070f200000| Untracked 
|  75|0x000000070f300000, 0x000000070f300000, 0x000000070f400000|  0%| F|  |TAMS 0x000000070f300000, 0x000000070f300000| Untracked 
|  76|0x000000070f400000, 0x000000070f400000, 0x000000070f500000|  0%| F|  |TAMS 0x000000070f400000, 0x000000070f400000| Untracked 
|  77|0x000000070f500000, 0x000000070f500000, 0x000000070f600000|  0%| F|  |TAMS 0x000000070f500000, 0x000000070f500000| Untracked 
|  78|0x000000070f600000, 0x000000070f600000, 0x000000070f700000|  0%| F|  |TAMS 0x000000070f600000, 0x000000070f600000| Untracked 
|  79|0x000000070f700000, 0x000000070f700000, 0x000000070f800000|  0%| F|  |TAMS 0x000000070f700000, 0x000000070f700000| Untracked 
|  80|0x000000070f800000, 0x000000070f800000, 0x000000070f900000|  0%| F|  |TAMS 0x000000070f800000, 0x000000070f800000| Untracked 
|  81|0x000000070f900000, 0x000000070f900000, 0x000000070fa00000|  0%| F|  |TAMS 0x000000070f900000, 0x000000070f900000| Untracked 
|  82|0x000000070fa00000, 0x000000070fa00000, 0x000000070fb00000|  0%| F|  |TAMS 0x000000070fa00000, 0x000000070fa00000| Untracked 
|  83|0x000000070fb00000, 0x000000070fb00000, 0x000000070fc00000|  0%| F|  |TAMS 0x000000070fb00000, 0x000000070fb00000| Untracked 
|  84|0x000000070fc00000, 0x000000070fc00000, 0x000000070fd00000|  0%| F|  |TAMS 0x000000070fc00000, 0x000000070fc00000| Untracked 
|  85|0x000000070fd00000, 0x000000070fd00000, 0x000000070fe00000|  0%| F|  |TAMS 0x000000070fd00000, 0x000000070fd00000| Untracked 
|  86|0x000000070fe00000, 0x000000070fe00000, 0x000000070ff00000|  0%| F|  |TAMS 0x000000070fe00000, 0x000000070fe00000| Untracked 
|  87|0x000000070ff00000, 0x000000070ff00000, 0x0000000710000000|  0%| F|  |TAMS 0x000000070ff00000, 0x000000070ff00000| Untracked 
|  88|0x0000000710000000, 0x0000000710000000, 0x0000000710100000|  0%| F|  |TAMS 0x0000000710000000, 0x0000000710000000| Untracked 
|  89|0x0000000710100000, 0x0000000710100000, 0x0000000710200000|  0%| F|  |TAMS 0x0000000710100000, 0x0000000710100000| Untracked 
|  90|0x0000000710200000, 0x0000000710200000, 0x0000000710300000|  0%| F|  |TAMS 0x0000000710200000, 0x0000000710200000| Untracked 
|  91|0x0000000710300000, 0x0000000710300000, 0x0000000710400000|  0%| F|  |TAMS 0x0000000710300000, 0x0000000710300000| Untracked 
|  92|0x0000000710400000, 0x0000000710400000, 0x0000000710500000|  0%| F|  |TAMS 0x0000000710400000, 0x0000000710400000| Untracked 
|  93|0x0000000710500000, 0x0000000710500000, 0x0000000710600000|  0%| F|  |TAMS 0x0000000710500000, 0x0000000710500000| Untracked 
|  94|0x0000000710600000, 0x0000000710600000, 0x0000000710700000|  0%| F|  |TAMS 0x0000000710600000, 0x0000000710600000| Untracked 
|  95|0x0000000710700000, 0x0000000710700000, 0x0000000710800000|  0%| F|  |TAMS 0x0000000710700000, 0x0000000710700000| Untracked 
|  96|0x0000000710800000, 0x0000000710800000, 0x0000000710900000|  0%| F|  |TAMS 0x0000000710800000, 0x0000000710800000| Untracked 
|  97|0x0000000710900000, 0x0000000710900000, 0x0000000710a00000|  0%| F|  |TAMS 0x0000000710900000, 0x0000000710900000| Untracked 
|  98|0x0000000710a00000, 0x0000000710a00000, 0x0000000710b00000|  0%| F|  |TAMS 0x0000000710a00000, 0x0000000710a00000| Untracked 
|  99|0x0000000710b00000, 0x0000000710b00000, 0x0000000710c00000|  0%| F|  |TAMS 0x0000000710b00000, 0x0000000710b00000| Untracked 
| 100|0x0000000710c00000, 0x0000000710c00000, 0x0000000710d00000|  0%| F|  |TAMS 0x0000000710c00000, 0x0000000710c00000| Untracked 
| 101|0x0000000710d00000, 0x0000000710d00000, 0x0000000710e00000|  0%| F|  |TAMS 0x0000000710d00000, 0x0000000710d00000| Untracked 
| 102|0x0000000710e00000, 0x0000000710e00000, 0x0000000710f00000|  0%| F|  |TAMS 0x0000000710e00000, 0x0000000710e00000| Untracked 
| 103|0x0000000710f00000, 0x0000000710f00000, 0x0000000711000000|  0%| F|  |TAMS 0x0000000710f00000, 0x0000000710f00000| Untracked 
| 104|0x0000000711000000, 0x0000000711000000, 0x0000000711100000|  0%| F|  |TAMS 0x0000000711000000, 0x0000000711000000| Untracked 
| 105|0x0000000711100000, 0x0000000711100000, 0x0000000711200000|  0%| F|  |TAMS 0x0000000711100000, 0x0000000711100000| Untracked 
| 106|0x0000000711200000, 0x0000000711200000, 0x0000000711300000|  0%| F|  |TAMS 0x0000000711200000, 0x0000000711200000| Untracked 
| 107|0x0000000711300000, 0x0000000711300000, 0x0000000711400000|  0%| F|  |TAMS 0x0000000711300000, 0x0000000711300000| Untracked 
| 108|0x0000000711400000, 0x0000000711400000, 0x0000000711500000|  0%| F|  |TAMS 0x0000000711400000, 0x0000000711400000| Untracked 
| 109|0x0000000711500000, 0x0000000711500000, 0x0000000711600000|  0%| F|  |TAMS 0x0000000711500000, 0x0000000711500000| Untracked 
| 110|0x0000000711600000, 0x0000000711600000, 0x0000000711700000|  0%| F|  |TAMS 0x0000000711600000, 0x0000000711600000| Untracked 
| 111|0x0000000711700000, 0x0000000711700000, 0x0000000711800000|  0%| F|  |TAMS 0x0000000711700000, 0x0000000711700000| Untracked 
| 112|0x0000000711800000, 0x0000000711800000, 0x0000000711900000|  0%| F|  |TAMS 0x0000000711800000, 0x0000000711800000| Untracked 
| 113|0x0000000711900000, 0x0000000711900000, 0x0000000711a00000|  0%| F|  |TAMS 0x0000000711900000, 0x0000000711900000| Untracked 
| 114|0x0000000711a00000, 0x0000000711a00000, 0x0000000711b00000|  0%| F|  |TAMS 0x0000000711a00000, 0x0000000711a00000| Untracked 
| 115|0x0000000711b00000, 0x0000000711b00000, 0x0000000711c00000|  0%| F|  |TAMS 0x0000000711b00000, 0x0000000711b00000| Untracked 
| 116|0x0000000711c00000, 0x0000000711c00000, 0x0000000711d00000|  0%| F|  |TAMS 0x0000000711c00000, 0x0000000711c00000| Untracked 
| 117|0x0000000711d00000, 0x0000000711d00000, 0x0000000711e00000|  0%| F|  |TAMS 0x0000000711d00000, 0x0000000711d00000| Untracked 
| 118|0x0000000711e00000, 0x0000000711e00000, 0x0000000711f00000|  0%| F|  |TAMS 0x0000000711e00000, 0x0000000711e00000| Untracked 
| 119|0x0000000711f00000, 0x0000000711f00000, 0x0000000712000000|  0%| F|  |TAMS 0x0000000711f00000, 0x0000000711f00000| Untracked 
| 120|0x0000000712000000, 0x0000000712000000, 0x0000000712100000|  0%| F|  |TAMS 0x0000000712000000, 0x0000000712000000| Untracked 
| 121|0x0000000712100000, 0x0000000712100000, 0x0000000712200000|  0%| F|  |TAMS 0x0000000712100000, 0x0000000712100000| Untracked 
| 122|0x0000000712200000, 0x0000000712200000, 0x0000000712300000|  0%| F|  |TAMS 0x0000000712200000, 0x0000000712200000| Untracked 
| 123|0x0000000712300000, 0x0000000712300000, 0x0000000712400000|  0%| F|  |TAMS 0x0000000712300000, 0x0000000712300000| Untracked 
| 124|0x0000000712400000, 0x0000000712400000, 0x0000000712500000|  0%| F|  |TAMS 0x0000000712400000, 0x0000000712400000| Untracked 
| 125|0x0000000712500000, 0x0000000712500000, 0x0000000712600000|  0%| F|  |TAMS 0x0000000712500000, 0x0000000712500000| Untracked 
| 126|0x0000000712600000, 0x0000000712600000, 0x0000000712700000|  0%| F|  |TAMS 0x0000000712600000, 0x0000000712600000| Untracked 
| 127|0x0000000712700000, 0x0000000712700000, 0x0000000712800000|  0%| F|  |TAMS 0x0000000712700000, 0x0000000712700000| Untracked 
| 128|0x0000000712800000, 0x0000000712800000, 0x0000000712900000|  0%| F|  |TAMS 0x0000000712800000, 0x0000000712800000| Untracked 
| 129|0x0000000712900000, 0x0000000712900000, 0x0000000712a00000|  0%| F|  |TAMS 0x0000000712900000, 0x0000000712900000| Untracked 
| 130|0x0000000712a00000, 0x0000000712a00000, 0x0000000712b00000|  0%| F|  |TAMS 0x0000000712a00000, 0x0000000712a00000| Untracked 
| 131|0x0000000712b00000, 0x0000000712b00000, 0x0000000712c00000|  0%| F|  |TAMS 0x0000000712b00000, 0x0000000712b00000| Untracked 
| 132|0x0000000712c00000, 0x0000000712c00000, 0x0000000712d00000|  0%| F|  |TAMS 0x0000000712c00000, 0x0000000712c00000| Untracked 
| 133|0x0000000712d00000, 0x0000000712d00000, 0x0000000712e00000|  0%| F|  |TAMS 0x0000000712d00000, 0x0000000712d00000| Untracked 
| 134|0x0000000712e00000, 0x0000000712e00000, 0x0000000712f00000|  0%| F|  |TAMS 0x0000000712e00000, 0x0000000712e00000| Untracked 
| 135|0x0000000712f00000, 0x0000000712f00000, 0x0000000713000000|  0%| F|  |TAMS 0x0000000712f00000, 0x0000000712f00000| Untracked 
| 136|0x0000000713000000, 0x0000000713000000, 0x0000000713100000|  0%| F|  |TAMS 0x0000000713000000, 0x0000000713000000| Untracked 
| 137|0x0000000713100000, 0x0000000713100000, 0x0000000713200000|  0%| F|  |TAMS 0x0000000713100000, 0x0000000713100000| Untracked 
| 138|0x0000000713200000, 0x0000000713200000, 0x0000000713300000|  0%| F|  |TAMS 0x0000000713200000, 0x0000000713200000| Untracked 
| 139|0x0000000713300000, 0x0000000713300000, 0x0000000713400000|  0%| F|  |TAMS 0x0000000713300000, 0x0000000713300000| Untracked 
| 140|0x0000000713400000, 0x0000000713400000, 0x0000000713500000|  0%| F|  |TAMS 0x0000000713400000, 0x0000000713400000| Untracked 
| 141|0x0000000713500000, 0x0000000713500000, 0x0000000713600000|  0%| F|  |TAMS 0x0000000713500000, 0x0000000713500000| Untracked 
| 142|0x0000000713600000, 0x0000000713600000, 0x0000000713700000|  0%| F|  |TAMS 0x0000000713600000, 0x0000000713600000| Untracked 
| 143|0x0000000713700000, 0x0000000713700000, 0x0000000713800000|  0%| F|  |TAMS 0x0000000713700000, 0x0000000713700000| Untracked 
| 144|0x0000000713800000, 0x0000000713800000, 0x0000000713900000|  0%| F|  |TAMS 0x0000000713800000, 0x0000000713800000| Untracked 
| 145|0x0000000713900000, 0x0000000713900000, 0x0000000713a00000|  0%| F|  |TAMS 0x0000000713900000, 0x0000000713900000| Untracked 
| 146|0x0000000713a00000, 0x0000000713a00000, 0x0000000713b00000|  0%| F|  |TAMS 0x0000000713a00000, 0x0000000713a00000| Untracked 
| 147|0x0000000713b00000, 0x0000000713b00000, 0x0000000713c00000|  0%| F|  |TAMS 0x0000000713b00000, 0x0000000713b00000| Untracked 
| 148|0x0000000713c00000, 0x0000000713c00000, 0x0000000713d00000|  0%| F|  |TAMS 0x0000000713c00000, 0x0000000713c00000| Untracked 
| 149|0x0000000713d00000, 0x0000000713d00000, 0x0000000713e00000|  0%| F|  |TAMS 0x0000000713d00000, 0x0000000713d00000| Untracked 
| 150|0x0000000713e00000, 0x0000000713e00000, 0x0000000713f00000|  0%| F|  |TAMS 0x0000000713e00000, 0x0000000713e00000| Untracked 
| 151|0x0000000713f00000, 0x0000000713f00000, 0x0000000714000000|  0%| F|  |TAMS 0x0000000713f00000, 0x0000000713f00000| Untracked 
| 152|0x0000000714000000, 0x0000000714000000, 0x0000000714100000|  0%| F|  |TAMS 0x0000000714000000, 0x0000000714000000| Untracked 
| 153|0x0000000714100000, 0x0000000714100000, 0x0000000714200000|  0%| F|  |TAMS 0x0000000714100000, 0x0000000714100000| Untracked 
| 154|0x0000000714200000, 0x0000000714200000, 0x0000000714300000|  0%| F|  |TAMS 0x0000000714200000, 0x0000000714200000| Untracked 
| 155|0x0000000714300000, 0x0000000714300000, 0x0000000714400000|  0%| F|  |TAMS 0x0000000714300000, 0x0000000714300000| Untracked 
| 156|0x0000000714400000, 0x0000000714400000, 0x0000000714500000|  0%| F|  |TAMS 0x0000000714400000, 0x0000000714400000| Untracked 
| 157|0x0000000714500000, 0x0000000714500000, 0x0000000714600000|  0%| F|  |TAMS 0x0000000714500000, 0x0000000714500000| Untracked 
| 158|0x0000000714600000, 0x0000000714600000, 0x0000000714700000|  0%| F|  |TAMS 0x0000000714600000, 0x0000000714600000| Untracked 
| 159|0x0000000714700000, 0x0000000714700000, 0x0000000714800000|  0%| F|  |TAMS 0x0000000714700000, 0x0000000714700000| Untracked 
| 160|0x0000000714800000, 0x0000000714800000, 0x0000000714900000|  0%| F|  |TAMS 0x0000000714800000, 0x0000000714800000| Untracked 
| 161|0x0000000714900000, 0x0000000714900000, 0x0000000714a00000|  0%| F|  |TAMS 0x0000000714900000, 0x0000000714900000| Untracked 
| 162|0x0000000714a00000, 0x0000000714a00000, 0x0000000714b00000|  0%| F|  |TAMS 0x0000000714a00000, 0x0000000714a00000| Untracked 
| 163|0x0000000714b00000, 0x0000000714b00000, 0x0000000714c00000|  0%| F|  |TAMS 0x0000000714b00000, 0x0000000714b00000| Untracked 
| 164|0x0000000714c00000, 0x0000000714c00000, 0x0000000714d00000|  0%| F|  |TAMS 0x0000000714c00000, 0x0000000714c00000| Untracked 
| 165|0x0000000714d00000, 0x0000000714d00000, 0x0000000714e00000|  0%| F|  |TAMS 0x0000000714d00000, 0x0000000714d00000| Untracked 
| 166|0x0000000714e00000, 0x0000000714e00000, 0x0000000714f00000|  0%| F|  |TAMS 0x0000000714e00000, 0x0000000714e00000| Untracked 
| 167|0x0000000714f00000, 0x0000000714f00000, 0x0000000715000000|  0%| F|  |TAMS 0x0000000714f00000, 0x0000000714f00000| Untracked 
| 168|0x0000000715000000, 0x0000000715000000, 0x0000000715100000|  0%| F|  |TAMS 0x0000000715000000, 0x0000000715000000| Untracked 
| 169|0x0000000715100000, 0x0000000715100000, 0x0000000715200000|  0%| F|  |TAMS 0x0000000715100000, 0x0000000715100000| Untracked 
| 170|0x0000000715200000, 0x0000000715200000, 0x0000000715300000|  0%| F|  |TAMS 0x0000000715200000, 0x0000000715200000| Untracked 
| 171|0x0000000715300000, 0x0000000715300000, 0x0000000715400000|  0%| F|  |TAMS 0x0000000715300000, 0x0000000715300000| Untracked 
| 172|0x0000000715400000, 0x0000000715400000, 0x0000000715500000|  0%| F|  |TAMS 0x0000000715400000, 0x0000000715400000| Untracked 
| 173|0x0000000715500000, 0x0000000715500000, 0x0000000715600000|  0%| F|  |TAMS 0x0000000715500000, 0x0000000715500000| Untracked 
| 174|0x0000000715600000, 0x0000000715600000, 0x0000000715700000|  0%| F|  |TAMS 0x0000000715600000, 0x0000000715600000| Untracked 
| 175|0x0000000715700000, 0x0000000715700000, 0x0000000715800000|  0%| F|  |TAMS 0x0000000715700000, 0x0000000715700000| Untracked 
| 176|0x0000000715800000, 0x0000000715800000, 0x0000000715900000|  0%| F|  |TAMS 0x0000000715800000, 0x0000000715800000| Untracked 
| 177|0x0000000715900000, 0x0000000715900000, 0x0000000715a00000|  0%| F|  |TAMS 0x0000000715900000, 0x0000000715900000| Untracked 
| 178|0x0000000715a00000, 0x0000000715a00000, 0x0000000715b00000|  0%| F|  |TAMS 0x0000000715a00000, 0x0000000715a00000| Untracked 
| 179|0x0000000715b00000, 0x0000000715b00000, 0x0000000715c00000|  0%| F|  |TAMS 0x0000000715b00000, 0x0000000715b00000| Untracked 
| 180|0x0000000715c00000, 0x0000000715c00000, 0x0000000715d00000|  0%| F|  |TAMS 0x0000000715c00000, 0x0000000715c00000| Untracked 
| 181|0x0000000715d00000, 0x0000000715d00000, 0x0000000715e00000|  0%| F|  |TAMS 0x0000000715d00000, 0x0000000715d00000| Untracked 
| 182|0x0000000715e00000, 0x0000000715e00000, 0x0000000715f00000|  0%| F|  |TAMS 0x0000000715e00000, 0x0000000715e00000| Untracked 
| 183|0x0000000715f00000, 0x0000000715f00000, 0x0000000716000000|  0%| F|  |TAMS 0x0000000715f00000, 0x0000000715f00000| Untracked 
| 184|0x0000000716000000, 0x0000000716000000, 0x0000000716100000|  0%| F|  |TAMS 0x0000000716000000, 0x0000000716000000| Untracked 
| 185|0x0000000716100000, 0x0000000716100000, 0x0000000716200000|  0%| F|  |TAMS 0x0000000716100000, 0x0000000716100000| Untracked 
| 186|0x0000000716200000, 0x0000000716200000, 0x0000000716300000|  0%| F|  |TAMS 0x0000000716200000, 0x0000000716200000| Untracked 
| 187|0x0000000716300000, 0x0000000716300000, 0x0000000716400000|  0%| F|  |TAMS 0x0000000716300000, 0x0000000716300000| Untracked 
| 188|0x0000000716400000, 0x0000000716400000, 0x0000000716500000|  0%| F|  |TAMS 0x0000000716400000, 0x0000000716400000| Untracked 
| 189|0x0000000716500000, 0x0000000716500000, 0x0000000716600000|  0%| F|  |TAMS 0x0000000716500000, 0x0000000716500000| Untracked 
| 190|0x0000000716600000, 0x0000000716600000, 0x0000000716700000|  0%| F|  |TAMS 0x0000000716600000, 0x0000000716600000| Untracked 
| 191|0x0000000716700000, 0x0000000716700000, 0x0000000716800000|  0%| F|  |TAMS 0x0000000716700000, 0x0000000716700000| Untracked 
| 192|0x0000000716800000, 0x0000000716800000, 0x0000000716900000|  0%| F|  |TAMS 0x0000000716800000, 0x0000000716800000| Untracked 
| 193|0x0000000716900000, 0x0000000716900000, 0x0000000716a00000|  0%| F|  |TAMS 0x0000000716900000, 0x0000000716900000| Untracked 
| 194|0x0000000716a00000, 0x0000000716a00000, 0x0000000716b00000|  0%| F|  |TAMS 0x0000000716a00000, 0x0000000716a00000| Untracked 
| 195|0x0000000716b00000, 0x0000000716b00000, 0x0000000716c00000|  0%| F|  |TAMS 0x0000000716b00000, 0x0000000716b00000| Untracked 
| 196|0x0000000716c00000, 0x0000000716c00000, 0x0000000716d00000|  0%| F|  |TAMS 0x0000000716c00000, 0x0000000716c00000| Untracked 
| 197|0x0000000716d00000, 0x0000000716d00000, 0x0000000716e00000|  0%| F|  |TAMS 0x0000000716d00000, 0x0000000716d00000| Untracked 
| 198|0x0000000716e00000, 0x0000000716e00000, 0x0000000716f00000|  0%| F|  |TAMS 0x0000000716e00000, 0x0000000716e00000| Untracked 
| 199|0x0000000716f00000, 0x0000000716f00000, 0x0000000717000000|  0%| F|  |TAMS 0x0000000716f00000, 0x0000000716f00000| Untracked 
| 200|0x0000000717000000, 0x0000000717000000, 0x0000000717100000|  0%| F|  |TAMS 0x0000000717000000, 0x0000000717000000| Untracked 
| 201|0x0000000717100000, 0x0000000717100000, 0x0000000717200000|  0%| F|  |TAMS 0x0000000717100000, 0x0000000717100000| Untracked 
| 202|0x0000000717200000, 0x0000000717200000, 0x0000000717300000|  0%| F|  |TAMS 0x0000000717200000, 0x0000000717200000| Untracked 
| 203|0x0000000717300000, 0x0000000717300000, 0x0000000717400000|  0%| F|  |TAMS 0x0000000717300000, 0x0000000717300000| Untracked 
| 204|0x0000000717400000, 0x0000000717400000, 0x0000000717500000|  0%| F|  |TAMS 0x0000000717400000, 0x0000000717400000| Untracked 
| 205|0x0000000717500000, 0x0000000717500000, 0x0000000717600000|  0%| F|  |TAMS 0x0000000717500000, 0x0000000717500000| Untracked 
| 206|0x0000000717600000, 0x0000000717600000, 0x0000000717700000|  0%| F|  |TAMS 0x0000000717600000, 0x0000000717600000| Untracked 
| 207|0x0000000717700000, 0x0000000717700000, 0x0000000717800000|  0%| F|  |TAMS 0x0000000717700000, 0x0000000717700000| Untracked 
| 208|0x0000000717800000, 0x0000000717800000, 0x0000000717900000|  0%| F|  |TAMS 0x0000000717800000, 0x0000000717800000| Untracked 
| 209|0x0000000717900000, 0x0000000717900000, 0x0000000717a00000|  0%| F|  |TAMS 0x0000000717900000, 0x0000000717900000| Untracked 
| 210|0x0000000717a00000, 0x0000000717a00000, 0x0000000717b00000|  0%| F|  |TAMS 0x0000000717a00000, 0x0000000717a00000| Untracked 
| 211|0x0000000717b00000, 0x0000000717b00000, 0x0000000717c00000|  0%| F|  |TAMS 0x0000000717b00000, 0x0000000717b00000| Untracked 
| 212|0x0000000717c00000, 0x0000000717c00000, 0x0000000717d00000|  0%| F|  |TAMS 0x0000000717c00000, 0x0000000717c00000| Untracked 
| 213|0x0000000717d00000, 0x0000000717d00000, 0x0000000717e00000|  0%| F|  |TAMS 0x0000000717d00000, 0x0000000717d00000| Untracked 
| 214|0x0000000717e00000, 0x0000000717e00000, 0x0000000717f00000|  0%| F|  |TAMS 0x0000000717e00000, 0x0000000717e00000| Untracked 
| 215|0x0000000717f00000, 0x0000000717f00000, 0x0000000718000000|  0%| F|  |TAMS 0x0000000717f00000, 0x0000000717f00000| Untracked 
| 216|0x0000000718000000, 0x0000000718000000, 0x0000000718100000|  0%| F|  |TAMS 0x0000000718000000, 0x0000000718000000| Untracked 
| 217|0x0000000718100000, 0x0000000718100000, 0x0000000718200000|  0%| F|  |TAMS 0x0000000718100000, 0x0000000718100000| Untracked 
| 218|0x0000000718200000, 0x0000000718200000, 0x0000000718300000|  0%| F|  |TAMS 0x0000000718200000, 0x0000000718200000| Untracked 
| 219|0x0000000718300000, 0x0000000718300000, 0x0000000718400000|  0%| F|  |TAMS 0x0000000718300000, 0x0000000718300000| Untracked 
| 220|0x0000000718400000, 0x0000000718400000, 0x0000000718500000|  0%| F|  |TAMS 0x0000000718400000, 0x0000000718400000| Untracked 
| 221|0x0000000718500000, 0x0000000718500000, 0x0000000718600000|  0%| F|  |TAMS 0x0000000718500000, 0x0000000718500000| Untracked 
| 222|0x0000000718600000, 0x0000000718600000, 0x0000000718700000|  0%| F|  |TAMS 0x0000000718600000, 0x0000000718600000| Untracked 
| 223|0x0000000718700000, 0x0000000718700000, 0x0000000718800000|  0%| F|  |TAMS 0x0000000718700000, 0x0000000718700000| Untracked 
| 224|0x0000000718800000, 0x0000000718800000, 0x0000000718900000|  0%| F|  |TAMS 0x0000000718800000, 0x0000000718800000| Untracked 
| 225|0x0000000718900000, 0x0000000718900000, 0x0000000718a00000|  0%| F|  |TAMS 0x0000000718900000, 0x0000000718900000| Untracked 
| 226|0x0000000718a00000, 0x0000000718a00000, 0x0000000718b00000|  0%| F|  |TAMS 0x0000000718a00000, 0x0000000718a00000| Untracked 
| 227|0x0000000718b00000, 0x0000000718b00000, 0x0000000718c00000|  0%| F|  |TAMS 0x0000000718b00000, 0x0000000718b00000| Untracked 
| 228|0x0000000718c00000, 0x0000000718c00000, 0x0000000718d00000|  0%| F|  |TAMS 0x0000000718c00000, 0x0000000718c00000| Untracked 
| 229|0x0000000718d00000, 0x0000000718d00000, 0x0000000718e00000|  0%| F|  |TAMS 0x0000000718d00000, 0x0000000718d00000| Untracked 
| 230|0x0000000718e00000, 0x0000000718e00000, 0x0000000718f00000|  0%| F|  |TAMS 0x0000000718e00000, 0x0000000718e00000| Untracked 
| 231|0x0000000718f00000, 0x0000000718f00000, 0x0000000719000000|  0%| F|  |TAMS 0x0000000718f00000, 0x0000000718f00000| Untracked 
| 232|0x0000000719000000, 0x0000000719000000, 0x0000000719100000|  0%| F|  |TAMS 0x0000000719000000, 0x0000000719000000| Untracked 
| 233|0x0000000719100000, 0x0000000719100000, 0x0000000719200000|  0%| F|  |TAMS 0x0000000719100000, 0x0000000719100000| Untracked 
| 234|0x0000000719200000, 0x0000000719200000, 0x0000000719300000|  0%| F|  |TAMS 0x0000000719200000, 0x0000000719200000| Untracked 
| 235|0x0000000719300000, 0x0000000719300000, 0x0000000719400000|  0%| F|  |TAMS 0x0000000719300000, 0x0000000719300000| Untracked 
| 236|0x0000000719400000, 0x0000000719400000, 0x0000000719500000|  0%| F|  |TAMS 0x0000000719400000, 0x0000000719400000| Untracked 
| 237|0x0000000719500000, 0x0000000719500000, 0x0000000719600000|  0%| F|  |TAMS 0x0000000719500000, 0x0000000719500000| Untracked 
| 238|0x0000000719600000, 0x0000000719600000, 0x0000000719700000|  0%| F|  |TAMS 0x0000000719600000, 0x0000000719600000| Untracked 
| 239|0x0000000719700000, 0x0000000719700000, 0x0000000719800000|  0%| F|  |TAMS 0x0000000719700000, 0x0000000719700000| Untracked 
| 240|0x0000000719800000, 0x0000000719800000, 0x0000000719900000|  0%| F|  |TAMS 0x0000000719800000, 0x0000000719800000| Untracked 
| 241|0x0000000719900000, 0x0000000719900000, 0x0000000719a00000|  0%| F|  |TAMS 0x0000000719900000, 0x0000000719900000| Untracked 
| 242|0x0000000719a00000, 0x0000000719a00000, 0x0000000719b00000|  0%| F|  |TAMS 0x0000000719a00000, 0x0000000719a00000| Untracked 
| 243|0x0000000719b00000, 0x0000000719b00000, 0x0000000719c00000|  0%| F|  |TAMS 0x0000000719b00000, 0x0000000719b00000| Untracked 
| 244|0x0000000719c00000, 0x0000000719c00000, 0x0000000719d00000|  0%| F|  |TAMS 0x0000000719c00000, 0x0000000719c00000| Untracked 
| 245|0x0000000719d00000, 0x0000000719d00000, 0x0000000719e00000|  0%| F|  |TAMS 0x0000000719d00000, 0x0000000719d00000| Untracked 
| 246|0x0000000719e00000, 0x0000000719e00000, 0x0000000719f00000|  0%| F|  |TAMS 0x0000000719e00000, 0x0000000719e00000| Untracked 
| 247|0x0000000719f00000, 0x0000000719f00000, 0x000000071a000000|  0%| F|  |TAMS 0x0000000719f00000, 0x0000000719f00000| Untracked 
| 248|0x000000071a000000, 0x000000071a000000, 0x000000071a100000|  0%| F|  |TAMS 0x000000071a000000, 0x000000071a000000| Untracked 
| 249|0x000000071a100000, 0x000000071a100000, 0x000000071a200000|  0%| F|  |TAMS 0x000000071a100000, 0x000000071a100000| Untracked 
| 250|0x000000071a200000, 0x000000071a200000, 0x000000071a300000|  0%| F|  |TAMS 0x000000071a200000, 0x000000071a200000| Untracked 
| 251|0x000000071a300000, 0x000000071a300000, 0x000000071a400000|  0%| F|  |TAMS 0x000000071a300000, 0x000000071a300000| Untracked 
| 252|0x000000071a400000, 0x000000071a400000, 0x000000071a500000|  0%| F|  |TAMS 0x000000071a400000, 0x000000071a400000| Untracked 
| 253|0x000000071a500000, 0x000000071a500000, 0x000000071a600000|  0%| F|  |TAMS 0x000000071a500000, 0x000000071a500000| Untracked 
| 254|0x000000071a600000, 0x000000071a600000, 0x000000071a700000|  0%| F|  |TAMS 0x000000071a600000, 0x000000071a600000| Untracked 
| 255|0x000000071a700000, 0x000000071a700000, 0x000000071a800000|  0%| F|  |TAMS 0x000000071a700000, 0x000000071a700000| Untracked 
| 256|0x000000071a800000, 0x000000071a800000, 0x000000071a900000|  0%| F|  |TAMS 0x000000071a800000, 0x000000071a800000| Untracked 
| 257|0x000000071a900000, 0x000000071a900000, 0x000000071aa00000|  0%| F|  |TAMS 0x000000071a900000, 0x000000071a900000| Untracked 
| 258|0x000000071aa00000, 0x000000071aa00000, 0x000000071ab00000|  0%| F|  |TAMS 0x000000071aa00000, 0x000000071aa00000| Untracked 
| 259|0x000000071ab00000, 0x000000071ab00000, 0x000000071ac00000|  0%| F|  |TAMS 0x000000071ab00000, 0x000000071ab00000| Untracked 
| 260|0x000000071ac00000, 0x000000071ac00000, 0x000000071ad00000|  0%| F|  |TAMS 0x000000071ac00000, 0x000000071ac00000| Untracked 
| 261|0x000000071ad00000, 0x000000071ae00000, 0x000000071ae00000|100%| E|  |TAMS 0x000000071ad00000, 0x000000071ad00000| Complete 
| 262|0x000000071ae00000, 0x000000071af00000, 0x000000071af00000|100%| E|CS|TAMS 0x000000071ae00000, 0x000000071ae00000| Complete 
| 263|0x000000071af00000, 0x000000071b000000, 0x000000071b000000|100%| E|CS|TAMS 0x000000071af00000, 0x000000071af00000| Complete 
| 264|0x000000071b000000, 0x000000071b100000, 0x000000071b100000|100%| E|CS|TAMS 0x000000071b000000, 0x000000071b000000| Complete 
| 265|0x000000071b100000, 0x000000071b200000, 0x000000071b200000|100%| E|CS|TAMS 0x000000071b100000, 0x000000071b100000| Complete 
| 266|0x000000071b200000, 0x000000071b300000, 0x000000071b300000|100%| E|CS|TAMS 0x000000071b200000, 0x000000071b200000| Complete 
| 267|0x000000071b300000, 0x000000071b400000, 0x000000071b400000|100%| E|CS|TAMS 0x000000071b300000, 0x000000071b300000| Complete 
| 268|0x000000071b400000, 0x000000071b500000, 0x000000071b500000|100%| E|CS|TAMS 0x000000071b400000, 0x000000071b400000| Complete 
| 269|0x000000071b500000, 0x000000071b600000, 0x000000071b600000|100%| E|CS|TAMS 0x000000071b500000, 0x000000071b500000| Complete 
| 270|0x000000071b600000, 0x000000071b700000, 0x000000071b700000|100%| E|CS|TAMS 0x000000071b600000, 0x000000071b600000| Complete 
| 271|0x000000071b700000, 0x000000071b800000, 0x000000071b800000|100%| E|CS|TAMS 0x000000071b700000, 0x000000071b700000| Complete 
| 272|0x000000071b800000, 0x000000071b900000, 0x000000071b900000|100%| E|CS|TAMS 0x000000071b800000, 0x000000071b800000| Complete 
| 273|0x000000071b900000, 0x000000071ba00000, 0x000000071ba00000|100%| E|CS|TAMS 0x000000071b900000, 0x000000071b900000| Complete 
| 274|0x000000071ba00000, 0x000000071bb00000, 0x000000071bb00000|100%| E|CS|TAMS 0x000000071ba00000, 0x000000071ba00000| Complete 
| 275|0x000000071bb00000, 0x000000071bc00000, 0x000000071bc00000|100%| E|CS|TAMS 0x000000071bb00000, 0x000000071bb00000| Complete 
| 276|0x000000071bc00000, 0x000000071bd00000, 0x000000071bd00000|100%| E|CS|TAMS 0x000000071bc00000, 0x000000071bc00000| Complete 
| 277|0x000000071bd00000, 0x000000071be00000, 0x000000071be00000|100%| E|CS|TAMS 0x000000071bd00000, 0x000000071bd00000| Complete 
| 278|0x000000071be00000, 0x000000071bf00000, 0x000000071bf00000|100%| E|CS|TAMS 0x000000071be00000, 0x000000071be00000| Complete 
| 279|0x000000071bf00000, 0x000000071c000000, 0x000000071c000000|100%| E|CS|TAMS 0x000000071bf00000, 0x000000071bf00000| Complete 
| 280|0x000000071c000000, 0x000000071c100000, 0x000000071c100000|100%| E|CS|TAMS 0x000000071c000000, 0x000000071c000000| Complete 
| 281|0x000000071c100000, 0x000000071c200000, 0x000000071c200000|100%| E|CS|TAMS 0x000000071c100000, 0x000000071c100000| Complete 
| 282|0x000000071c200000, 0x000000071c300000, 0x000000071c300000|100%| E|CS|TAMS 0x000000071c200000, 0x000000071c200000| Complete 
| 283|0x000000071c300000, 0x000000071c400000, 0x000000071c400000|100%| E|CS|TAMS 0x000000071c300000, 0x000000071c300000| Complete 
| 284|0x000000071c400000, 0x000000071c500000, 0x000000071c500000|100%| E|CS|TAMS 0x000000071c400000, 0x000000071c400000| Complete 
| 285|0x000000071c500000, 0x000000071c600000, 0x000000071c600000|100%| E|CS|TAMS 0x000000071c500000, 0x000000071c500000| Complete 
| 286|0x000000071c600000, 0x000000071c700000, 0x000000071c700000|100%| E|CS|TAMS 0x000000071c600000, 0x000000071c600000| Complete 
| 287|0x000000071c700000, 0x000000071c800000, 0x000000071c800000|100%| E|CS|TAMS 0x000000071c700000, 0x000000071c700000| Complete 
| 288|0x000000071c800000, 0x000000071c900000, 0x000000071c900000|100%| E|CS|TAMS 0x000000071c800000, 0x000000071c800000| Complete 
| 289|0x000000071c900000, 0x000000071c9e0ab8, 0x000000071ca00000| 87%| S|CS|TAMS 0x000000071c900000, 0x000000071c900000| Complete 
| 290|0x000000071ca00000, 0x000000071cb00000, 0x000000071cb00000|100%| E|CS|TAMS 0x000000071ca00000, 0x000000071ca00000| Complete 
| 291|0x000000071cb00000, 0x000000071cc00000, 0x000000071cc00000|100%| E|CS|TAMS 0x000000071cb00000, 0x000000071cb00000| Complete 
| 292|0x000000071cc00000, 0x000000071cd00000, 0x000000071cd00000|100%| E|CS|TAMS 0x000000071cc00000, 0x000000071cc00000| Complete 
| 293|0x000000071cd00000, 0x000000071ce00000, 0x000000071ce00000|100%| E|CS|TAMS 0x000000071cd00000, 0x000000071cd00000| Complete 
| 294|0x000000071ce00000, 0x000000071cf00000, 0x000000071cf00000|100%| E|CS|TAMS 0x000000071ce00000, 0x000000071ce00000| Complete 
| 295|0x000000071cf00000, 0x000000071d000000, 0x000000071d000000|100%| E|CS|TAMS 0x000000071cf00000, 0x000000071cf00000| Complete 

Card table byte_map: [0x000001597acd0000,0x000001597b480000] _byte_map_base: 0x000001597747c000

Marking Bits (Prev, Next): (CMBitMap*) 0x000001596361c020, (CMBitMap*) 0x000001596361bfe8
 Prev Bits: [0x0000015900000000, 0x0000015903d60000)
 Next Bits: [0x000001597bc30000, 0x000001597f990000)

Polling page: 0x00000159614f0000

Metaspace:

Usage:
  Non-class:     37.80 MB capacity,    37.11 MB ( 98%) used,   614.95 KB (  2%) free+waste,    96.56 KB ( <1%) overhead. 
      Class:      4.81 MB capacity,     4.41 MB ( 92%) used,   369.45 KB (  8%) free+waste,    42.75 KB ( <1%) overhead. 
       Both:     42.61 MB capacity,    41.52 MB ( 97%) used,   984.40 KB (  2%) free+waste,   139.31 KB ( <1%) overhead. 

Virtual space:
  Non-class space:       38.00 MB reserved,      37.87 MB (>99%) committed 
      Class space:        1.00 GB reserved,       4.88 MB ( <1%) committed 
             Both:        1.04 GB reserved,      42.75 MB (  4%) committed 

Chunk freelists:
   Non-Class:  512 bytes
       Class:  384 bytes
        Both:  896 bytes

CodeHeap 'non-profiled nmethods': size=119168Kb used=4684Kb max_used=4684Kb free=114483Kb
 bounds [0x0000015972840000, 0x0000015972ce0000, 0x0000015979ca0000]
CodeHeap 'profiled nmethods': size=119168Kb used=21181Kb max_used=21181Kb free=97986Kb
 bounds [0x000001596b3e0000, 0x000001596c890000, 0x0000015972840000]
CodeHeap 'non-nmethods': size=7424Kb used=2873Kb max_used=2913Kb free=4551Kb
 bounds [0x000001596aca0000, 0x000001596af90000, 0x000001596b3e0000]
 total_blobs=8741 nmethods=8210 adapters=439
 compilation: enabled
              stopped_count=0, restarted_count=0
 full_count=0

Compilation events (10 events):
Event: 11.062 Thread 0x00000159071ef000 8313       4       java.util.zip.DeflaterOutputStream::write (21 bytes)
Event: 11.065 Thread 0x00000159071ef000 nmethod 8313 0x0000015972cd1790 code [0x0000015972cd1940, 0x0000015972cd1d88]
Event: 11.065 Thread 0x00000159071ef000 8314  s    4       java.util.zip.ZipOutputStream::write (175 bytes)
Event: 11.068 Thread 0x00000159071ef000 nmethod 8314 0x0000015972cd1f90 code [0x0000015972cd2140, 0x0000015972cd2668]
Event: 11.069 Thread 0x00000159071ef000 8278       4       sun.security.provider.SHA2::lf_ch (10 bytes)
Event: 11.069 Thread 0x00000159071ef000 nmethod 8278 0x0000015972cd2a10 code [0x0000015972cd2b80, 0x0000015972cd2bd8]
Event: 11.069 Thread 0x00000159071ef000 8279       4       sun.security.provider.SHA2::lf_maj (12 bytes)
Event: 11.069 Thread 0x00000159071ef000 nmethod 8279 0x0000015972cd2c90 code [0x0000015972cd2e00, 0x0000015972cd2e58]
Event: 11.069 Thread 0x00000159071ef000 8289 %     4       java.util.Arrays::fill @ 5 (21 bytes)
Event: 11.072 Thread 0x00000159071ef000 nmethod 8289% 0x0000015972cd2f10 code [0x0000015972cd30a0, 0x0000015972cd3298]

GC Heap History (10 events):
Event: 7.376 GC heap before
{Heap before GC invocations=6 (full 0):
 garbage-first heap   total 303104K, used 117066K [0x000000070a800000, 0x0000000800000000)
  region size 1024K, 84 young (86016K), 3 survivors (3072K)
 Metaspace       used 34607K, capacity 35401K, committed 35708K, reserved 1081344K
  class space    used 3687K, capacity 3992K, committed 4096K, reserved 1048576K
}
Event: 7.388 GC heap after
{Heap after GC invocations=7 (full 0):
 garbage-first heap   total 303104K, used 52224K [0x000000070a800000, 0x0000000800000000)
  region size 1024K, 11 young (11264K), 11 survivors (11264K)
 Metaspace       used 34607K, capacity 35401K, committed 35708K, reserved 1081344K
  class space    used 3687K, capacity 3992K, committed 4096K, reserved 1048576K
}
Event: 7.477 GC heap before
{Heap before GC invocations=7 (full 0):
 garbage-first heap   total 303104K, used 68608K [0x000000070a800000, 0x0000000800000000)
  region size 1024K, 27 young (27648K), 11 survivors (11264K)
 Metaspace       used 34772K, capacity 35572K, committed 35708K, reserved 1081344K
  class space    used 3698K, capacity 4026K, committed 4096K, reserved 1048576K
}
Event: 7.485 GC heap after
{Heap after GC invocations=8 (full 0):
 garbage-first heap   total 303104K, used 57542K [0x000000070a800000, 0x0000000800000000)
  region size 1024K, 3 young (3072K), 3 survivors (3072K)
 Metaspace       used 34772K, capacity 35572K, committed 35708K, reserved 1081344K
  class space    used 3698K, capacity 4026K, committed 4096K, reserved 1048576K
}
Event: 8.895 GC heap before
{Heap before GC invocations=9 (full 0):
 garbage-first heap   total 303104K, used 149702K [0x000000070a800000, 0x0000000800000000)
  region size 1024K, 89 young (91136K), 3 survivors (3072K)
 Metaspace       used 38843K, capacity 39889K, committed 40060K, reserved 1085440K
  class space    used 4147K, capacity 4532K, committed 4608K, reserved 1048576K
}
Event: 8.901 GC heap after
{Heap after GC invocations=10 (full 0):
 garbage-first heap   total 303104K, used 66163K [0x000000070a800000, 0x0000000800000000)
  region size 1024K, 12 young (12288K), 12 survivors (12288K)
 Metaspace       used 38843K, capacity 39889K, committed 40060K, reserved 1085440K
  class space    used 4147K, capacity 4532K, committed 4608K, reserved 1048576K
}
Event: 10.044 GC heap before
{Heap before GC invocations=11 (full 0):
 garbage-first heap   total 303104K, used 158323K [0x000000070a800000, 0x0000000800000000)
  region size 1024K, 103 young (105472K), 12 survivors (12288K)
 Metaspace       used 40347K, capacity 41443K, committed 41724K, reserved 1087488K
  class space    used 4310K, capacity 4706K, committed 4736K, reserved 1048576K
}
Event: 10.051 GC heap after
{Heap after GC invocations=12 (full 0):
 garbage-first heap   total 303104K, used 68327K [0x000000070a800000, 0x0000000800000000)
  region size 1024K, 8 young (8192K), 8 survivors (8192K)
 Metaspace       used 40347K, capacity 41443K, committed 41724K, reserved 1087488K
  class space    used 4310K, capacity 4706K, committed 4736K, reserved 1048576K
}
Event: 10.148 GC heap before
{Heap before GC invocations=12 (full 0):
 garbage-first heap   total 303104K, used 74471K [0x000000070a800000, 0x0000000800000000)
  region size 1024K, 14 young (14336K), 8 survivors (8192K)
 Metaspace       used 40354K, capacity 41507K, committed 41724K, reserved 1087488K
  class space    used 4310K, capacity 4706K, committed 4736K, reserved 1048576K
}
Event: 10.150 GC heap after
{Heap after GC invocations=13 (full 0):
 garbage-first heap   total 303104K, used 61569K [0x000000070a800000, 0x0000000800000000)
  region size 1024K, 1 young (1024K), 1 survivors (1024K)
 Metaspace       used 40354K, capacity 41507K, committed 41724K, reserved 1087488K
  class space    used 4310K, capacity 4706K, committed 4736K, reserved 1048576K
}

Deoptimization events (10 events):
Event: 10.846 Thread 0x000001590d1bd000 Uncommon trap: reason=null_check action=make_not_entrant pc=0x0000015972b5d6ec method=sun.nio.fs.NativeBuffers.releaseNativeBuffer(Lsun/nio/fs/NativeBuffer;)V @ 6 c2
Event: 10.848 Thread 0x000001596147a000 Uncommon trap: reason=unstable_if action=reinterpret pc=0x0000015972c3d370 method=java.util.concurrent.locks.AbstractQueuedSynchronizer.doReleaseShared()V @ 6 c2
Event: 10.925 Thread 0x000001590c99f800 Uncommon trap: reason=unstable_if action=reinterpret pc=0x0000015972b12684 method=java.util.concurrent.ConcurrentHashMap.computeIfAbsent(Ljava/lang/Object;Ljava/util/function/Function;)Ljava/lang/Object; @ 279 c2
Event: 10.925 Thread 0x000001590d1bd000 Uncommon trap: reason=unstable_if action=reinterpret pc=0x0000015972b12660 method=java.util.concurrent.ConcurrentHashMap.computeIfAbsent(Ljava/lang/Object;Ljava/util/function/Function;)Ljava/lang/Object; @ 104 c2
Event: 10.925 Thread 0x0000015909aea000 Uncommon trap: reason=unstable_if action=reinterpret pc=0x0000015972b12684 method=java.util.concurrent.ConcurrentHashMap.computeIfAbsent(Ljava/lang/Object;Ljava/util/function/Function;)Ljava/lang/Object; @ 279 c2
Event: 10.926 Thread 0x000001590c9a0800 Uncommon trap: reason=null_check action=make_not_entrant pc=0x0000015972b5cb00 method=sun.nio.fs.NativeBuffers.getNativeBufferFromCache(I)Lsun/nio/fs/NativeBuffer; @ 6 c2
Event: 10.926 Thread 0x000001590c99f800 Uncommon trap: reason=null_check action=make_not_entrant pc=0x0000015972b5cb00 method=sun.nio.fs.NativeBuffers.getNativeBufferFromCache(I)Lsun/nio/fs/NativeBuffer; @ 6 c2
Event: 10.927 Thread 0x000001590c99f800 Uncommon trap: reason=unstable_if action=reinterpret pc=0x0000015972a20adc method=java.util.concurrent.ConcurrentHashMap.addCount(JI)V @ 34 c2
Event: 10.985 Thread 0x000001596147a000 Uncommon trap: reason=unstable_if action=reinterpret pc=0x0000015972c3cf84 method=java.time.LocalTime.create(IIII)Ljava/time/LocalTime; @ 5 c2
Event: 11.031 Thread 0x000001596147a000 Uncommon trap: reason=class_check action=maybe_recompile pc=0x0000015972a3569c method=java.util.Collections$UnmodifiableMap$UnmodifiableEntrySet$1.<init>(Ljava/util/Collections$UnmodifiableMap$UnmodifiableEntrySet;)V @ 17 c2

Classes redefined (0 events):
No events

Internal exceptions (10 events):
Event: 10.343 Thread 0x000001590caf0000 Exception <a 'java/lang/NoSuchMethodError'{0x000000071c8bf4d8}: java.lang.invoke.DirectMethodHandle$Holder.invokeStaticInit(Ljava/lang/Object;Ljava/lang/Object;JLjava/lang/Object;)Ljava/lang/Object;> (0x000000071c8bf4d8) thrown at [./open/src/hotspot/shar
Event: 10.344 Thread 0x000001590caf0000 Exception <a 'java/lang/NoSuchMethodError'{0x000000071c8cb5f8}: java.lang.invoke.Invokers$Holder.linkToTargetMethod(Ljava/lang/Object;JLjava/lang/Object;)Ljava/lang/Object;> (0x000000071c8cb5f8) thrown at [./open/src/hotspot/share/interpreter/linkResolver
Event: 10.758 Thread 0x000001596147a000 Exception <a 'java/lang/NoSuchMethodError'{0x000000071c4283a0}: java.lang.invoke.DirectMethodHandle$Holder.invokeStaticInit(Ljava/lang/Object;Ljava/lang/Object;IIII)Ljava/lang/Object;> (0x000000071c4283a0) thrown at [./open/src/hotspot/share/interpreter/l
Event: 10.796 Thread 0x000001596147a000 Exception <a 'java/lang/NoSuchMethodError'{0x000000071c297518}: java.lang.invoke.DirectMethodHandle$Holder.invokeSpecialIFC(Ljava/lang/Object;Ljava/lang/Object;Ljava/lang/Object;Ljava/lang/Object;)I> (0x000000071c297518) thrown at [./open/src/hotspot/shar
Event: 10.846 Thread 0x0000015909f2d000 Implicit null exception at 0x0000015972b5d510 to 0x0000015972b5d6dc
Event: 10.846 Thread 0x000001590d1bd000 Implicit null exception at 0x0000015972b5d510 to 0x0000015972b5d6dc
Event: 11.041 Thread 0x000001596147a000 Exception <a 'java/lang/NoSuchMethodError'{0x000000071ae114a8}: java.lang.invoke.DirectMethodHandle$Holder.invokeStatic(Ljava/lang/Object;J)V> (0x000000071ae114a8) thrown at [./open/src/hotspot/share/interpreter/linkResolver.cpp, line 772]
Event: 11.042 Thread 0x000001596147a000 Exception <a 'java/lang/NoSuchMethodError'{0x000000071ae166b8}: java.lang.invoke.DirectMethodHandle$Holder.invokeStatic(Ljava/lang/Object;J)Ljava/lang/Object;> (0x000000071ae166b8) thrown at [./open/src/hotspot/share/interpreter/linkResolver.cpp, line 772
Event: 11.042 Thread 0x000001596147a000 Exception <a 'java/lang/NoSuchMethodError'{0x000000071ae199e0}: java.lang.invoke.DirectMethodHandle$Holder.invokeSpecial(Ljava/lang/Object;Ljava/lang/Object;J)Ljava/lang/Object;> (0x000000071ae199e0) thrown at [./open/src/hotspot/share/interpreter/linkRes
Event: 11.043 Thread 0x000001596147a000 Exception <a 'java/lang/NoSuchMethodError'{0x000000071ae1c748}: java.lang.invoke.Invokers$Holder.linkToTargetMethod(JLjava/lang/Object;)Ljava/lang/Object;> (0x000000071ae1c748) thrown at [./open/src/hotspot/share/interpreter/linkResolver.cpp, line 772]

Events (10 events):
Event: 11.048 Thread 0x000001590a02c000 Thread added: 0x000001590a02c000
Event: 11.048 Thread 0x000001590a027000 Thread added: 0x000001590a027000
Event: 11.048 loading class org/apache/maven/surefire/shade/org/apache/maven/shared/utils/cli/CommandLineUtils$1
Event: 11.048 loading class org/apache/maven/surefire/shade/org/apache/maven/shared/utils/cli/CommandLineUtils$1 done
Event: 11.048 loading class org/apache/maven/surefire/shade/org/apache/maven/shared/utils/cli/CommandLineUtils$1
Event: 11.048 loading class org/apache/maven/surefire/shade/org/apache/maven/shared/utils/cli/CommandLineUtils$1 done
Event: 11.049 loading class org/apache/maven/surefire/shade/org/apache/maven/shared/utils/cli/CommandLineTimeOutException
Event: 11.049 loading class org/apache/maven/surefire/shade/org/apache/maven/shared/utils/cli/CommandLineTimeOutException done
Event: 11.049 loading class org/apache/maven/surefire/shade/org/apache/maven/shared/utils/cli/CommandLineTimeOutException
Event: 11.049 loading class org/apache/maven/surefire/shade/org/apache/maven/shared/utils/cli/CommandLineTimeOutException done


Dynamic libraries:
0x00007ff7a0850000 - 0x00007ff7a0860000 	C:\Program Files\Java\jdk-11\bin\java.exe
0x00007fff901b0000 - 0x00007fff903c7000 	C:\WINDOWS\SYSTEM32\ntdll.dll
0x00007fff8ea60000 - 0x00007fff8eb24000 	C:\WINDOWS\System32\KERNEL32.DLL
0x00007fff8d710000 - 0x00007fff8dab6000 	C:\WINDOWS\System32\KERNELBASE.dll
0x00007fff8d530000 - 0x00007fff8d641000 	C:\WINDOWS\System32\ucrtbase.dll
0x00007fff887f0000 - 0x00007fff88809000 	C:\Program Files\Java\jdk-11\bin\jli.dll
0x00007fff887d0000 - 0x00007fff887eb000 	C:\Program Files\Java\jdk-11\bin\VCRUNTIME140.dll
0x00007fff8eb30000 - 0x00007fff8ebe0000 	C:\WINDOWS\System32\ADVAPI32.dll
0x00007fff8ff40000 - 0x00007fff8ffe7000 	C:\WINDOWS\System32\msvcrt.dll
0x00007fff8f7c0000 - 0x00007fff8f866000 	C:\WINDOWS\System32\sechost.dll
0x00007fff90050000 - 0x00007fff90167000 	C:\WINDOWS\System32\RPCRT4.dll
0x00007fff8f990000 - 0x00007fff8fb3d000 	C:\WINDOWS\System32\USER32.dll
0x00007fff789f0000 - 0x00007fff78c83000 	C:\WINDOWS\WinSxS\amd64_microsoft.windows.common-controls_6595b64144ccf1df_6.0.22621.2361_none_2712ced57382f843\COMCTL32.dll
0x00007fff8ddf0000 - 0x00007fff8de16000 	C:\WINDOWS\System32\win32u.dll
0x00007fff8f8c0000 - 0x00007fff8f8e9000 	C:\WINDOWS\System32\GDI32.dll
0x00007fff8dcd0000 - 0x00007fff8dde8000 	C:\WINDOWS\System32\gdi32full.dll
0x00007fff8dac0000 - 0x00007fff8db5a000 	C:\WINDOWS\System32\msvcp_win.dll
0x00007fff80db0000 - 0x00007fff80dba000 	C:\WINDOWS\SYSTEM32\VERSION.dll
0x00007fff8e660000 - 0x00007fff8e691000 	C:\WINDOWS\System32\IMM32.DLL
0x00007fff88750000 - 0x00007fff8875c000 	C:\Program Files\Java\jdk-11\bin\vcruntime140_1.dll
0x00007fff84010000 - 0x00007fff8409e000 	C:\Program Files\Java\jdk-11\bin\msvcp140.dll
0x00007fff59e10000 - 0x00007fff5a97d000 	C:\Program Files\Java\jdk-11\bin\server\jvm.dll
0x00007fff8e570000 - 0x00007fff8e578000 	C:\WINDOWS\System32\PSAPI.DLL
0x00007fff88520000 - 0x00007fff88529000 	C:\WINDOWS\SYSTEM32\WSOCK32.dll
0x00007fff874e0000 - 0x00007fff87514000 	C:\WINDOWS\SYSTEM32\WINMM.dll
0x00007fff8f910000 - 0x00007fff8f981000 	C:\WINDOWS\System32\WS2_32.dll
0x00007fff8c550000 - 0x00007fff8c568000 	C:\WINDOWS\SYSTEM32\kernel.appcore.dll
0x00007fff88740000 - 0x00007fff88750000 	C:\Program Files\Java\jdk-11\bin\verify.dll
0x00007fff8af00000 - 0x00007fff8b12e000 	C:\WINDOWS\SYSTEM32\DBGHELP.DLL
0x00007fff8fbb0000 - 0x00007fff8ff3a000 	C:\WINDOWS\System32\combase.dll
0x00007fff8e580000 - 0x00007fff8e657000 	C:\WINDOWS\System32\OLEAUT32.dll
0x00007fff7df50000 - 0x00007fff7df82000 	C:\WINDOWS\SYSTEM32\dbgcore.DLL
0x00007fff8de90000 - 0x00007fff8df0a000 	C:\WINDOWS\System32\bcryptPrimitives.dll
0x00007fff88710000 - 0x00007fff88738000 	C:\Program Files\Java\jdk-11\bin\java.dll
0x00007fff886e0000 - 0x00007fff886ea000 	C:\Program Files\Java\jdk-11\bin\jimage.dll
0x00007fff84120000 - 0x00007fff84137000 	C:\Program Files\Java\jdk-11\bin\zip.dll
0x00007fff8ed10000 - 0x00007fff8f568000 	C:\WINDOWS\System32\SHELL32.dll
0x00007fff8b440000 - 0x00007fff8bd32000 	C:\WINDOWS\SYSTEM32\windows.storage.dll
0x00007fff8b300000 - 0x00007fff8b43e000 	C:\WINDOWS\SYSTEM32\wintypes.dll
0x00007fff8f570000 - 0x00007fff8f663000 	C:\WINDOWS\System32\SHCORE.dll
0x00007fff8fff0000 - 0x00007fff9004e000 	C:\WINDOWS\System32\shlwapi.dll
0x00007fff8d460000 - 0x00007fff8d486000 	C:\WINDOWS\SYSTEM32\profapi.dll
0x00007fff839c0000 - 0x00007fff839d9000 	C:\Program Files\Java\jdk-11\bin\net.dll
0x00007fff88c80000 - 0x00007fff88db7000 	C:\WINDOWS\SYSTEM32\WINHTTP.dll
0x00007fff8ca60000 - 0x00007fff8cac9000 	C:\WINDOWS\system32\mswsock.dll
0x00007fff820c0000 - 0x00007fff820d2000 	C:\Program Files\Java\jdk-11\bin\nio.dll
0x0000000069ac0000 - 0x0000000069ae4000 	C:\ProgramData\chocolatey\lib\maven\apache-maven-3.9.5\lib\jansi-native\Windows\x86_64\jansi.dll
0x00007fff8ccc0000 - 0x00007fff8ccdb000 	C:\WINDOWS\SYSTEM32\CRYPTSP.dll
0x00007fff8c4a0000 - 0x00007fff8c4d5000 	C:\WINDOWS\system32\rsaenh.dll
0x00007fff8cb50000 - 0x00007fff8cb7c000 	C:\WINDOWS\SYSTEM32\USERENV.dll
0x00007fff8ced0000 - 0x00007fff8cef8000 	C:\WINDOWS\SYSTEM32\bcrypt.dll
0x00007fff8cce0000 - 0x00007fff8ccec000 	C:\WINDOWS\SYSTEM32\CRYPTBASE.dll
0x00007fff8bfa0000 - 0x00007fff8bfcd000 	C:\WINDOWS\SYSTEM32\IPHLPAPI.DLL
0x00007fff8ebe0000 - 0x00007fff8ebe9000 	C:\WINDOWS\System32\NSI.dll
0x00007fff87d20000 - 0x00007fff87d39000 	C:\WINDOWS\SYSTEM32\dhcpcsvc6.DLL
0x00007fff875e0000 - 0x00007fff875ff000 	C:\WINDOWS\SYSTEM32\dhcpcsvc.DLL
0x00007fff8c010000 - 0x00007fff8c109000 	C:\WINDOWS\SYSTEM32\DNSAPI.dll

dbghelp: loaded successfully - version: 4.0.5 - missing functions: none
symbol engine: initialized successfully - sym options: 0x614 - pdb path: .;C:\Program Files\Java\jdk-11\bin;C:\WINDOWS\SYSTEM32;C:\WINDOWS\WinSxS\amd64_microsoft.windows.common-controls_6595b64144ccf1df_6.0.22621.2361_none_2712ced57382f843;C:\Program Files\Java\jdk-11\bin\server;C:\ProgramData\chocolatey\lib\maven\apache-maven-3.9.5\lib\jansi-native\Windows\x86_64

VM Arguments:
jvm_args: -Dclassworlds.conf=C:\ProgramData\chocolatey\lib\maven\apache-maven-3.9.5\bin\m2.conf -Dmaven.home=C:\ProgramData\chocolatey\lib\maven\apache-maven-3.9.5 -Dlibrary.jansi.path=C:\ProgramData\chocolatey\lib\maven\apache-maven-3.9.5\lib\jansi-native -Dmaven.multiModuleProjectDirectory=D:\Personal Projects\Java\store-microservice\cloudgateway 
java_command: org.codehaus.plexus.classworlds.launcher.Launcher clean install
java_class_path (initial): C:\ProgramData\chocolatey\lib\maven\apache-maven-3.9.5\boot\plexus-classworlds-2.7.0.jar
Launcher Type: SUN_STANDARD

[Global flags]
     intx CICompilerCount                          = 12                                        {product} {ergonomic}
     uint ConcGCThreads                            = 3                                         {product} {ergonomic}
     uint G1ConcRefinementThreads                  = 13                                        {product} {ergonomic}
   size_t G1HeapRegionSize                         = 1048576                                   {product} {ergonomic}
    uintx GCDrainStackTargetSize                   = 64                                        {product} {ergonomic}
   size_t InitialHeapSize                          = 257949696                                 {product} {ergonomic}
   size_t MarkStackSize                            = 4194304                                   {product} {ergonomic}
   size_t MaxHeapSize                              = 4118806528                                {product} {ergonomic}
   size_t MaxNewSize                               = 2470445056                                {product} {ergonomic}
   size_t MinHeapDeltaBytes                        = 1048576                                   {product} {ergonomic}
    uintx NonNMethodCodeHeapSize                   = 7594288                                {pd product} {ergonomic}
    uintx NonProfiledCodeHeapSize                  = 122031976                              {pd product} {ergonomic}
    uintx ProfiledCodeHeapSize                     = 122031976                              {pd product} {ergonomic}
    uintx ReservedCodeCacheSize                    = 251658240                              {pd product} {ergonomic}
     bool SegmentedCodeCache                       = true                                      {product} {ergonomic}
     bool UseCompressedClassPointers               = true                                 {lp64_product} {ergonomic}
     bool UseCompressedOops                        = true                                 {lp64_product} {ergonomic}
     bool UseG1GC                                  = true                                      {product} {ergonomic}
     bool UseLargePagesIndividualAllocation        = false                                  {pd product} {ergonomic}

Logging:
Log output configuration:
 #0: stdout all=warning uptime,level,tags
 #1: stderr all=off uptime,level,tags

Environment Variables:
JAVA_HOME=C:\Program Files\Java\jdk-11
PATH=C:\Program Files\Java\jdk-11\bin;C:\Program Files\Common Files\Oracle\Java\javapath;C:\Program Files (x86)\Common Files\Oracle\Java\javapath;C:\WINDOWS\system32;C:\WINDOWS;C:\WINDOWS\System32\Wbem;C:\WINDOWS\System32\WindowsPowerShell\v1.0\;C:\WINDOWS\System32\OpenSSH\;C:\Program Files\Git\cmd;C:\Program Files\Microsoft SQL Server\Client SDK\ODBC\170\Tools\Binn\;C:\Program Files (x86)\Microsoft SQL Server\150\Tools\Binn\;C:\Program Files\Microsoft SQL Server\150\Tools\Binn\;C:\Program Files\Microsoft SQL Server\150\DTS\Binn\;C:\Program Files\Docker\Docker\resources\bin;C:\Program Files (x86)\nodejs\;C:\ProgramData\chocolatey\bin;C:\Program Files\Kubernetes\Minikube;C:\minikube;C:\ProgramData\chocolatey\lib\maven\apache-maven-3.9.5\bin;C:\Program Files\Java\jdk-11\bin;C:\Program Files\MySQL\MySQL Shell 8.0\bin\;C:\Program Files\Java\jdk-11\bin;C:\Program Files\JetBrains\IntelliJ IDEA 2022.1.3\bin;;C:\Program Files\JetBrains\DataGrip 2022.1.5\bin;;C:\Users\abene\AppData\Local\Programs\Microsoft VS Code\bin;C:\Program Files\MySQL\MySQL Server 8.0\bin;C:\Program Files\dotnet;C:\Program Files\Azure Data Studio\bin;C:\Users\abene\Downloads\mongosh-1.6.0-win32-x64\bin;C:\Program Files\heroku\bin;C:\apache-activemq-5.16.5-bin\apache-activemq-5.16.5\bin\win64;C:\Users\abene\Downloads\apache-maven-3.8.6\bin;C:\ProgramData\chocolatey\lib\maven\apache-maven-3.9.5\bin;C:\Users\abene\AppData\Roaming\npm;
USERNAME=abene
OS=Windows_NT
PROCESSOR_IDENTIFIER=AMD64 Family 23 Model 104 Stepping 1, AuthenticAMD



---------------  S Y S T E M  ---------------

OS: Windows 11 , 64 bit Build 22621 (10.0.22621.2428)
Hyper-V role detected

CPU:total 16 (initial active 16) (16 cores per cpu, 2 threads per core) family 23 model 104 stepping 1 microcode 0x0, cmov, cx8, fxsr, mmx, sse, sse2, sse3, ssse3, sse4.1, sse4.2, popcnt, avx, avx2, aes, clmul, mmxext, 3dnowpref, lzcnt, sse4a, ht, tsc, tscinvbit, tscinv, bmi1, bmi2, adx,

Memory: 4k page, system-wide physical 15706M (387M free)
TotalPageFile size 38159M (AvailPageFile size 90M)
current process WorkingSet (physical memory assigned to process): 437M, peak: 451M
current process commit charge ("private bytes"): 509M, peak: 529M

vm_info: Java HotSpot(TM) 64-Bit Server VM (11.0.20+9-LTS-256) for windows-amd64 JRE (11.0.20+9-LTS-256), built on Jun 14 2023 10:34:22 by "mach5one" with MS VC++ 17.1 (VS2022)

END.
